Performing C SOURCE FILE Test CMAKE_HAVE_LIBC_PTHREAD failed with the following output:
Change Dir: /home/banalan4618/source/ELEX-4618/Lab 7/Asteroids PI/cmake/CMakeFiles/CMakeTmp

Run Build Command(s):/usr/bin/gmake cmTC_4530d/fast && /usr/bin/gmake  -f CMakeFiles/cmTC_4530d.dir/build.make CMakeFiles/cmTC_4530d.dir/build
gmake[1]: Entering directory '/home/banalan4618/source/ELEX-4618/Lab 7/Asteroids PI/cmake/CMakeFiles/CMakeTmp'
Building C object CMakeFiles/cmTC_4530d.dir/src.c.o
/usr/bin/cc   -DCMAKE_HAVE_LIBC_PTHREAD -o CMakeFiles/cmTC_4530d.dir/src.c.o -c "/home/banalan4618/source/ELEX-4618/Lab 7/Asteroids PI/cmake/CMakeFiles/CMakeTmp/src.c"
Linking C executable cmTC_4530d
/usr/bin/cmake -E cmake_link_script CMakeFiles/cmTC_4530d.dir/link.txt --verbose=1
/usr/bin/cc  -DCMAKE_HAVE_LIBC_PTHREAD CMakeFiles/cmTC_4530d.dir/src.c.o -o cmTC_4530d 
/usr/bin/ld: CMakeFiles/cmTC_4530d.dir/src.c.o: in function `main':
src.c:(.text+0x34): undefined reference to `pthread_create'
/usr/bin/ld: src.c:(.text+0x3c): undefined reference to `pthread_detach'
/usr/bin/ld: src.c:(.text+0x44): undefined reference to `pthread_cancel'
/usr/bin/ld: src.c:(.text+0x50): undefined reference to `pthread_join'
collect2: error: ld returned 1 exit status
gmake[1]: *** [CMakeFiles/cmTC_4530d.dir/build.make:106: cmTC_4530d] Error 1
gmake[1]: Leaving directory '/home/banalan4618/source/ELEX-4618/Lab 7/Asteroids PI/cmake/CMakeFiles/CMakeTmp'
gmake: *** [Makefile:140: cmTC_4530d/fast] Error 2


Source file was:
#include <pthread.h>

void* test_func(void* data)
{
  return data;
}

int main(void)
{
  pthread_t thread;
  pthread_create(&thread, NULL, test_func, NULL);
  pthread_detach(thread);
  pthread_cancel(thread);
  pthread_join(thread, NULL);
  pthread_atfork(NULL, NULL, NULL);
  pthread_exit(NULL);

  return 0;
}

Determining if the function pthread_create exists in the pthreads failed with the following output:
Change Dir: /home/banalan4618/source/ELEX-4618/Lab 7/Asteroids PI/cmake/CMakeFiles/CMakeTmp

Run Build Command(s):/usr/bin/gmake cmTC_2a52b/fast && /usr/bin/gmake  -f CMakeFiles/cmTC_2a52b.dir/build.make CMakeFiles/cmTC_2a52b.dir/build
gmake[1]: Entering directory '/home/banalan4618/source/ELEX-4618/Lab 7/Asteroids PI/cmake/CMakeFiles/CMakeTmp'
Building C object CMakeFiles/cmTC_2a52b.dir/CheckFunctionExists.c.o
/usr/bin/cc   -DCHECK_FUNCTION_EXISTS=pthread_create -o CMakeFiles/cmTC_2a52b.dir/CheckFunctionExists.c.o -c /usr/share/cmake-3.18/Modules/CheckFunctionExists.c
Linking C executable cmTC_2a52b
/usr/bin/cmake -E cmake_link_script CMakeFiles/cmTC_2a52b.dir/link.txt --verbose=1
/usr/bin/cc  -DCHECK_FUNCTION_EXISTS=pthread_create CMakeFiles/cmTC_2a52b.dir/CheckFunctionExists.c.o -o cmTC_2a52b  -lpthreads 
/usr/bin/ld: cannot find -lpthreads
collect2: error: ld returned 1 exit status
gmake[1]: *** [CMakeFiles/cmTC_2a52b.dir/build.make:106: cmTC_2a52b] Error 1
gmake[1]: Leaving directory '/home/banalan4618/source/ELEX-4618/Lab 7/Asteroids PI/cmake/CMakeFiles/CMakeTmp'
gmake: *** [Makefile:140: cmTC_2a52b/fast] Error 2



